0 verbose cli /opt/homebrew/Cellar/node/24.6.0/bin/node /opt/homebrew/bin/npm
1 info using npm@11.5.1
2 info using node@v24.6.0
3 silly config load:file:/opt/homebrew/lib/node_modules/npm/npmrc
4 info config found workspace root at /Users/satyabratarout/agent/projects/aiStudio
5 silly config load:file:/Users/satyabratarout/agent/projects/aiStudio/.npmrc
6 silly config load:file:/Users/satyabratarout/.npmrc
7 silly config load:file:/opt/homebrew/etc/npmrc
8 verbose title npm run build
9 verbose argv "run" "build"
10 verbose logfile logs-max:10 dir:/Users/satyabratarout/agent/projects/aiStudio/.npm-cache/_logs/2025-11-17T16_15_19_400Z-
11 verbose logfile /Users/satyabratarout/agent/projects/aiStudio/.npm-cache/_logs/2025-11-17T16_15_19_400Z-debug-0.log
12 silly logfile start cleaning logs, removing 1 files
13 silly logfile done cleaning log files
14 verbose cwd /Users/satyabratarout/agent/projects/aiStudio/apps/web
15 verbose os Darwin 24.6.0
16 verbose node v24.6.0
17 verbose npm  v11.5.1
18 verbose exit 0
19 info ok
