0 verbose cli /opt/homebrew/Cellar/node/24.6.0/bin/node /opt/homebrew/lib/node_modules/npm/bin/npm-cli.js
1 info using npm@11.5.1
2 info using node@v24.6.0
3 silly config load:file:/opt/homebrew/lib/node_modules/npm/npmrc
4 silly config load:file:/Users/satyabratarout/agent/projects/aiStudio/.npmrc
5 silly config load:file:/Users/satyabratarout/.npmrc
6 silly config load:file:/opt/homebrew/etc/npmrc
7 verbose title npm run dev:web
8 verbose argv "run" "dev:web"
9 verbose logfile logs-max:10 dir:/Users/satyabratarout/agent/projects/aiStudio/.npm-cache/_logs/2025-11-17T16_18_14_630Z-
10 verbose logfile /Users/satyabratarout/agent/projects/aiStudio/.npm-cache/_logs/2025-11-17T16_18_14_630Z-debug-0.log
0 verbose cli /opt/homebrew/Cellar/node/24.6.0/bin/node /opt/homebrew/lib/node_modules/npm/bin/npm-cli.js
1 info using npm@11.5.1
2 info using node@v24.6.0
3 silly config load:file:/opt/homebrew/lib/node_modules/npm/npmrc
4 silly config load:file:/Users/satyabratarout/agent/projects/aiStudio/.npmrc
5 silly config load:file:/Users/satyabratarout/.npmrc
6 silly config load:file:/opt/homebrew/etc/npmrc
7 verbose title npm run dev:server
8 verbose argv "run" "dev:server"
9 verbose logfile logs-max:10 dir:/Users/satyabratarout/agent/projects/aiStudio/.npm-cache/_logs/2025-11-17T16_18_14_630Z-
10 verbose logfile /Users/satyabratarout/agent/projects/aiStudio/.npm-cache/_logs/2025-11-17T16_18_14_630Z-debug-0.log
11 silly logfile start cleaning logs, removing 1 files
11 silly logfile start cleaning logs, removing 1 files
12 silly logfile done cleaning log files
12 silly logfile done cleaning log files
